
[2020-05-16T10:36:08.030668+02:00] WebAppV_Logger.INFO: User (Ciaran)successfully entered /csrf. [] []
[2020-05-16T10:36:12.674917+02:00] WebAppV_Logger.INFO: User (Ciaran)successfully entered /xss. [] []
[2020-05-16T10:36:19.027630+02:00] WebAppV_Logger.INFO: User (Ciaran)successfully entered /sqli. [] []
[2020-05-16T10:36:25.455681+02:00] WebAppV_Logger.INFO: User (Ciaran)successfully entered /sqli. [] []
[2020-05-16T10:36:26.137207+02:00] WebAppV_Logger.INFO: User (Ciaran) already logged in, login page => home page. [] []
[2020-05-16T10:36:26.662181+02:00] WebAppV_Logger.INFO: User/Admin (Ciaran) successfully logged out. [] []
[2020-05-16T10:36:27.777465+02:00] WebAppV_Logger.INFO: Unlogged user entered /login. [] []
[2020-05-16T10:36:32.546943+02:00] WebAppV_Logger.INFO: User (Aaron) provided correct credentials during logging in. [] []
[2020-05-16T10:36:33.973981+02:00] WebAppV_Logger.INFO: User (Aaron)successfully entered /sqli. [] []
[2020-05-16T10:36:34.589248+02:00] WebAppV_Logger.INFO: User (Aaron)successfully entered /xss. [] []
[2020-05-16T10:36:35.044110+02:00] WebAppV_Logger.INFO: User (Aaron)successfully entered /csrf. [] []
[2020-05-16T10:36:49.646898+02:00] WebAppV_Logger.INFO: User/Admin (Aaron) successfully logged out. [] []
[2020-05-16T10:47:12.520466+02:00] WebAppV_Logger.INFO: Unlogged user entered /login. [] []
[2020-05-16T10:47:14.859493+02:00] WebAppV_Logger.INFO: User (john) provided invalid credentials during logging in. [] []
[2020-05-16T10:47:15.610728+02:00] WebAppV_Logger.INFO: Unlogged user entered /login. [] []
[2020-05-16T10:47:18.459887+02:00] WebAppV_Logger.INFO: Admin (admin) logged in successfully or already logged in. [] []
[2020-05-16T10:47:19.630205+02:00] WebAppV_Logger.INFO: User (admin)successfully entered /xss. [] []
[2020-05-16T10:47:20.313096+02:00] WebAppV_Logger.INFO: User (admin)successfully entered /csrf. [] []
[2020-05-16T10:47:20.848357+02:00] WebAppV_Logger.INFO: User (admin)successfully entered /sqli. [] []
[2020-05-16T10:47:21.418854+02:00] WebAppV_Logger.INFO: User/Admin (admin) successfully logged out. [] []
[2020-05-16T12:06:49.272259+02:00] WebAppV_Logger.INFO: Unlogged user entered /login. [] []
[2020-05-16T12:06:51.183716+02:00] WebAppV_Logger.INFO: User (john) provided invalid credentials during logging in. [] []
[2020-05-16T12:06:52.399799+02:00] WebAppV_Logger.INFO: Unlogged user entered /login. [] []
[2020-05-16T12:06:55.506115+02:00] WebAppV_Logger.INFO: Admin (admin) logged in successfully or already logged in. [] []
[2020-05-16T12:06:58.265200+02:00] WebAppV_Logger.INFO: User (admin)successfully entered /xss. [] []
[2020-05-16T12:06:58.721930+02:00] WebAppV_Logger.INFO: User (admin)successfully entered /csrf. [] []
[2020-05-16T12:06:59.087031+02:00] WebAppV_Logger.INFO: Admin redirected to /adminArea. [] []
[2020-05-16T12:06:59.102555+02:00] WebAppV_Logger.INFO: Admin (admin) logged in successfully or already logged in. [] []
[2020-05-16T12:06:59.582028+02:00] WebAppV_Logger.INFO: User (admin)successfully entered /sqli. [] []
[2020-05-16T12:07:00.953964+02:00] WebAppV_Logger.INFO: User (admin)successfully entered /xss. [] []
[2020-05-16T12:07:01.398048+02:00] WebAppV_Logger.INFO: User (admin)successfully entered /csrf. [] []
[2020-05-16T12:07:02.136404+02:00] WebAppV_Logger.INFO: User (admin)successfully entered /sqli. [] []
[2020-05-16T12:07:02.606856+02:00] WebAppV_Logger.INFO: Admin redirected to /adminArea. [] []
[2020-05-16T12:07:02.621302+02:00] WebAppV_Logger.INFO: Admin (admin) logged in successfully or already logged in. [] []
[2020-05-16T12:07:03.303535+02:00] WebAppV_Logger.INFO: User (admin)successfully entered /sqli. [] []
[2020-05-16T12:07:03.670001+02:00] WebAppV_Logger.INFO: User (admin)successfully entered /xss. [] []
[2020-05-16T12:07:04.154855+02:00] WebAppV_Logger.INFO: User (admin)successfully entered /csrf. [] []
[2020-05-16T12:26:27.494828+02:00] WebAppV_Logger.INFO: Admin redirected to /adminArea. [] []
[2020-05-16T12:26:27.514917+02:00] WebAppV_Logger.INFO: Admin (admin) logged in successfully or already logged in. [] []
[2020-05-16T12:26:28.132797+02:00] WebAppV_Logger.INFO: Admin redirected to /adminArea. [] []
[2020-05-16T12:26:28.147701+02:00] WebAppV_Logger.INFO: Admin (admin) logged in successfully or already logged in. [] []
[2020-05-16T12:26:28.945602+02:00] WebAppV_Logger.INFO: User (admin)successfully entered /sqli. [] []
[2020-05-16T12:26:29.658342+02:00] WebAppV_Logger.INFO: User (admin)successfully entered /xss. [] []
[2020-05-16T12:26:30.236753+02:00] WebAppV_Logger.INFO: User (admin)successfully entered /csrf. [] []
[2020-05-16T12:26:31.983957+02:00] WebAppV_Logger.INFO: User (admin)successfully entered /sqli. [] []
[2020-05-16T12:27:08.976170+02:00] WebAppV_Logger.INFO: User (admin)successfully entered /xss. [] []
[2020-05-16T12:27:14.443782+02:00] WebAppV_Logger.INFO: Admin redirected to /adminArea. [] []
[2020-05-16T12:27:14.458698+02:00] WebAppV_Logger.INFO: Admin (admin) logged in successfully or already logged in. [] []
[2020-05-16T12:58:24.912947+02:00] WebAppV_Logger.INFO: Admin redirected to /adminArea. [] []
[2020-05-16T12:58:24.929596+02:00] WebAppV_Logger.INFO: Admin (admin) logged in successfully or already logged in. [] []
[2020-05-16T12:58:25.418028+02:00] WebAppV_Logger.INFO: User (admin)successfully entered /sqli. [] []
[2020-05-16T12:58:25.962408+02:00] WebAppV_Logger.INFO: User (admin)successfully entered /xss. [] []
[2020-05-16T12:58:26.849365+02:00] WebAppV_Logger.INFO: User (admin)successfully entered /csrf. [] []
[2020-05-16T12:58:27.717013+02:00] WebAppV_Logger.INFO: Admin redirected to /adminArea. [] []
[2020-05-16T12:58:27.732818+02:00] WebAppV_Logger.INFO: Admin (admin) logged in successfully or already logged in. [] []
[2020-05-16T12:58:28.346139+02:00] WebAppV_Logger.INFO: User/Admin (admin) successfully logged out. [] []
[2020-05-16T12:58:29.108142+02:00] WebAppV_Logger.INFO: Unlogged user entered /login. [] []
[2020-05-16T12:58:31.075585+02:00] WebAppV_Logger.INFO: User (john) provided invalid credentials during logging in. [] []
[2020-05-16T12:58:31.716951+02:00] WebAppV_Logger.INFO: Unlogged user entered /login. [] []
[2020-05-16T12:58:34.747089+02:00] WebAppV_Logger.INFO: Admin (admin) logged in successfully or already logged in. [] []
[2020-05-16T12:58:37.256370+02:00] WebAppV_Logger.INFO: User (admin)successfully entered /sqli. [] []
[2020-05-16T12:58:38.436032+02:00] WebAppV_Logger.INFO: User (admin)successfully entered /xss. [] []
[2020-05-16T12:58:38.956649+02:00] WebAppV_Logger.INFO: User (admin)successfully entered /sqli. [] []
[2020-05-16T12:58:59.657182+02:00] WebAppV_Logger.INFO: User (admin)successfully entered /sqli. [] []
[2020-05-16T12:59:17.508301+02:00] WebAppV_Logger.INFO: User (admin)successfully entered /sqli. [] []
